<?xml version="1.0" encoding="UTF-8"?>
<testng-results skipped="0" failed="0" ignored="0" total="1" passed="1">
  <reporter-output>
  </reporter-output>
  <suite name="Suite" duration-ms="162986" started-at="2020-02-06T10:53:21Z" finished-at="2020-02-06T10:56:04Z">
    <groups>
      <group name="cucumber">
        <method signature="AbstractTestNGCucumberTests.feature(cucumber.api.testng.CucumberFeatureWrapper)[pri:0, instance:com.olam.Runner.RunnerClass@14bf9759]" name="feature" class="cucumber.api.testng.AbstractTestNGCucumberTests"/>
      </group> <!-- cucumber -->
    </groups>
    <test name="Automation" duration-ms="162986" started-at="2020-02-06T10:53:21Z" finished-at="2020-02-06T10:56:04Z">
      <class name="com.olam.Runner.RunnerClass">
        <test-method status="PASS" signature="setUpClass()[pri:0, instance:com.olam.Runner.RunnerClass@14bf9759]" name="setUpClass" is-config="true" duration-ms="278" started-at="2020-02-06T10:53:21Z" finished-at="2020-02-06T10:53:22Z">
          <reporter-output>
          </reporter-output>
        </test-method> <!-- setUpClass -->
        <test-method status="PASS" signature="feature(cucumber.api.testng.CucumberFeatureWrapper)[pri:0, instance:com.olam.Runner.RunnerClass@14bf9759]" name="feature" duration-ms="159172" started-at="2020-02-06T10:53:22Z" description="Runs Cucumber Feature" data-provider="features" finished-at="2020-02-06T10:56:01Z">
          <params>
            <param index="0">
              <value>
                <![CDATA[Verification of End to End Flow for Estate]]>
              </value>
            </param>
          </params>
          <reporter-output>
          </reporter-output>
        </test-method> <!-- feature -->
        <test-method status="PASS" signature="afterClass()[pri:0, instance:com.olam.Runner.RunnerClass@14bf9759]" name="afterClass" is-config="true" duration-ms="3022" started-at="2020-02-06T10:56:01Z" finished-at="2020-02-06T10:56:04Z">
          <reporter-output>
          </reporter-output>
        </test-method> <!-- afterClass -->
        <test-method status="PASS" signature="tearDownClass()[pri:0, instance:com.olam.Runner.RunnerClass@14bf9759]" name="tearDownClass" is-config="true" duration-ms="177" started-at="2020-02-06T10:56:04Z" finished-at="2020-02-06T10:56:04Z">
          <reporter-output>
          </reporter-output>
        </test-method> <!-- tearDownClass -->
      </class> <!-- com.olam.Runner.RunnerClass -->
    </test> <!-- Automation -->
  </suite> <!-- Suite -->
</testng-results>
